#-----------------------------------------------------------
# Vivado v2018.3 (64-bit)
# SW Build 2405991 on Thu Dec  6 23:38:27 MST 2018
# IP Build 2404404 on Fri Dec  7 01:43:56 MST 2018
# Start of session at: Sun Nov  3 22:22:32 2019
# Process ID: 15812
# Current directory: D:/study/competition_fuse_pzfs
# Command line: vivado.exe -gui_launcher_event rodinguilauncherevent13072 D:\study\competition_fuse_pzfs\competition.xpr
# Log file: D:/study/competition_fuse_pzfs/vivado.log
# Journal file: D:/study/competition_fuse_pzfs\vivado.jou
#-----------------------------------------------------------
start_gui
open_project D:/study/competition_fuse_pzfs/competition.xpr
Scanning sources...
Finished scanning sources
INFO: [IP_Flow 19-234] Refreshing IP repositories
INFO: [IP_Flow 19-1704] No user IP repositories specified
INFO: [IP_Flow 19-2313] Loaded Vivado IP repository 'D:/anzhuang/VIVADO/Vivado/2018.3/data/ip'.
open_project: Time (s): cpu = 00:00:29 ; elapsed = 00:00:27 . Memory (MB): peak = 797.648 ; gain = 213.445
update_compile_order -fileset sources_1
exit
INFO: [Common 17-206] Exiting Vivado at Sun Nov  3 22:26:03 2019...
