#-----------------------------------------------------------
# Vivado v2018.3 (64-bit)
# SW Build 2405991 on Thu Dec  6 23:38:27 MST 2018
# IP Build 2404404 on Fri Dec  7 01:43:56 MST 2018
# Start of session at: Thu Oct 31 23:40:16 2019
# Process ID: 11472
# Current directory: D:/study/competition_fuse
# Command line: vivado.exe -gui_launcher_event rodinguilauncherevent17576 D:\study\competition_fuse\competition.xpr
# Log file: D:/study/competition_fuse/vivado.log
# Journal file: D:/study/competition_fuse\vivado.jou
#-----------------------------------------------------------
start_gui
open_project D:/study/competition_fuse/competition.xpr
Scanning sources...
Finished scanning sources
INFO: [IP_Flow 19-234] Refreshing IP repositories
INFO: [IP_Flow 19-1704] No user IP repositories specified
INFO: [IP_Flow 19-2313] Loaded Vivado IP repository 'D:/anzhuang/VIVADO/Vivado/2018.3/data/ip'.
open_project: Time (s): cpu = 00:00:20 ; elapsed = 00:00:09 . Memory (MB): peak = 799.082 ; gain = 175.020
update_compile_order -fileset sources_1
exit
INFO: [Common 17-206] Exiting Vivado at Fri Nov  1 00:01:34 2019...
