#-----------------------------------------------------------
# Vivado v2018.3 (64-bit)
# SW Build 2405991 on Thu Dec  6 23:38:27 MST 2018
# IP Build 2404404 on Fri Dec  7 01:43:56 MST 2018
# Start of session at: Thu Oct 31 23:07:37 2019
# Process ID: 7548
# Current directory: D:/study/competition_fuse
# Command line: vivado.exe -gui_launcher_event rodinguilauncherevent14208 D:\study\competition_fuse\competition.xpr
# Log file: D:/study/competition_fuse/vivado.log
# Journal file: D:/study/competition_fuse\vivado.jou
#-----------------------------------------------------------
start_guiopen_project D:/study/competition_fuse/competition.xpr
INFO: [Project 1-313] Project file moved from 'D:/competition' since last save.
WWARNING: [Project 1-312] File not found as 'D:/study/study/fpga/competition2/competition.srcs/sources_1/new/Sobel_Edge_Detect.v'; using path 'D:/study/fpga/competition2/competition.srcs/sources_1/new/Sobel_Edge_Detect.v' instead.WWARNING: [Project 1-312] File not found as 'D:/study/coe/pictureone.coe'; using path 'D:/coe/pictureone.coe' instead.WWARNING: [Project 1-312] File not found as 'D:/study/coe/picturetwo.coe'; using path 'D:/coe/picturetwo.coe' instead.SScanning sources...FFinished scanning sourcesWARNING: [Project 1-312] File not found as 'D:/study/study/fpga/competition2/competition.srcs/sources_1/new/Sobel_Edge_Detect.v'; using path 'D:/study/fpga/competition2/competition.srcs/sources_1/new/Sobel_Edge_Detect.v' instead.
WWARNING: [Project 1-312] File not found as 'D:/study/coe/pictureone.coe'; using path 'D:/coe/pictureone.coe' instead.WARNING: [Project 1-312] File not found as 'D:/study/coe/picturetwo.coe'; using path 'D:/coe/picturetwo.coe' instead.
WWARNING: [Project 1-312] File not found as 'D:/study/study/fpga/competition2/competition.srcs/sources_1/new/Sobel_Edge_Detect.v'; using path 'D:/study/fpga/competition2/competition.srcs/sources_1/new/Sobel_Edge_Detect.v' instead.WWARNING: [Project 1-312] File not found as 'D:/study/coe/pictureone.coe'; using path 'D:/coe/pictureone.coe' instead.WWARNING: [Project 1-312] File not found as 'D:/study/coe/picturetwo.coe'; using path 'D:/coe/picturetwo.coe' instead.INFO: [IP_Flow 19-234] Refreshing IP repositories
INFO: [IP_Flow 19-1704] No user IP repositories specified
IINFO: [IP_Flow 19-2313] Loaded Vivado IP repository 'D:/anzhuang/VIVADO/Vivado/2018.3/data/ip'.open_project: Time (s): cpu = 00:00:37 ; elapsed = 00:00:29 . Memory (MB): peak = 788.520 ; gain = 189.020
uupdate_compile_order -fileset sources_1close [ open D:/study/competition_fuse/competition.srcs/sources_1/new/fuse.v w ]
add_files D:/study/competition_fuse/competition.srcs/sources_1/new/fuse.v
update_compile_order -fileset sources_1
