#-----------------------------------------------------------
# Vivado v2018.3 (64-bit)
# SW Build 2405991 on Thu Dec  6 23:38:27 MST 2018
# IP Build 2404404 on Fri Dec  7 01:43:56 MST 2018
# Start of session at: Sun Nov  3 21:11:12 2019
# Process ID: 18344
# Current directory: D:/study/competition_fuse_pzfs
# Command line: vivado.exe -gui_launcher_event rodinguilauncherevent18196 D:\study\competition_fuse_pzfs\competition.xpr
# Log file: D:/study/competition_fuse_pzfs/vivado.log
# Journal file: D:/study/competition_fuse_pzfs\vivado.jou
#-----------------------------------------------------------
start_gui
open_project D:/study/competition_fuse_pzfs/competition.xpr
INFO: [Project 1-313] Project file moved from 'D:/study/competition_fuse' since last save.
Scanning sources...
Finished scanning sources
INFO: [IP_Flow 19-234] Refreshing IP repositories
INFO: [IP_Flow 19-1704] No user IP repositories specified
INFO: [IP_Flow 19-2313] Loaded Vivado IP repository 'D:/anzhuang/VIVADO/Vivado/2018.3/data/ip'.
open_project: Time (s): cpu = 00:00:15 ; elapsed = 00:00:07 . Memory (MB): peak = 824.621 ; gain = 203.371
update_compile_order -fileset sources_1
close [ open D:/study/competition_fuse_pzfs/competition.srcs/sources_1/new/dilation.v w ]
add_files D:/study/competition_fuse_pzfs/competition.srcs/sources_1/new/dilation.v
update_compile_order -fileset sources_1
close [ open D:/study/competition_fuse_pzfs/competition.srcs/sources_1/new/Shift_RAM_3x3_1bit.v w ]
add_files D:/study/competition_fuse_pzfs/competition.srcs/sources_1/new/Shift_RAM_3x3_1bit.v
update_compile_order -fileset sources_1
create_ip -name c_shift_ram -vendor xilinx.com -library ip -version 12.0 -module_name Shift_RAM_3x3_bit -dir d:/study/competition_fuse_pzfs/competition.srcs/sources_1/ip
set_property -dict [list CONFIG.Component_Name {Shift_RAM_3x3_bit} CONFIG.CE {true} CONFIG.Width {1} CONFIG.Depth {200} CONFIG.DefaultData {0} CONFIG.AsyncInitVal {0} CONFIG.SCLR {true} CONFIG.SyncInitVal {0}] [get_ips Shift_RAM_3x3_bit]
WARNING: [Vivado 12-3523] Attempt to change 'Component_Name' from 'Shift_RAM_3x3_bit' to 'Shift_RAM_3x3_bit' is not allowed and is ignored.
generate_target {instantiation_template} [get_files d:/study/competition_fuse_pzfs/competition.srcs/sources_1/ip/Shift_RAM_3x3_bit/Shift_RAM_3x3_bit.xci]
INFO: [IP_Flow 19-1686] Generating 'Instantiation Template' target for IP 'Shift_RAM_3x3_bit'...
generate_target all [get_files  d:/study/competition_fuse_pzfs/competition.srcs/sources_1/ip/Shift_RAM_3x3_bit/Shift_RAM_3x3_bit.xci]
INFO: [IP_Flow 19-1686] Generating 'Synthesis' target for IP 'Shift_RAM_3x3_bit'...
INFO: [IP_Flow 19-1686] Generating 'Simulation' target for IP 'Shift_RAM_3x3_bit'...
INFO: [IP_Flow 19-1686] Generating 'Change Log' target for IP 'Shift_RAM_3x3_bit'...
catch { config_ip_cache -export [get_ips -all Shift_RAM_3x3_bit] }
export_ip_user_files -of_objects [get_files d:/study/competition_fuse_pzfs/competition.srcs/sources_1/ip/Shift_RAM_3x3_bit/Shift_RAM_3x3_bit.xci] -no_script -sync -force -quiet
create_ip_run [get_files -of_objects [get_fileset sources_1] d:/study/competition_fuse_pzfs/competition.srcs/sources_1/ip/Shift_RAM_3x3_bit/Shift_RAM_3x3_bit.xci]
launch_runs -jobs 4 Shift_RAM_3x3_bit_synth_1
[Sun Nov  3 21:35:53 2019] Launched Shift_RAM_3x3_bit_synth_1...
Run output will be captured here: D:/study/competition_fuse_pzfs/competition.runs/Shift_RAM_3x3_bit_synth_1/runme.log
export_simulation -of_objects [get_files d:/study/competition_fuse_pzfs/competition.srcs/sources_1/ip/Shift_RAM_3x3_bit/Shift_RAM_3x3_bit.xci] -directory D:/study/competition_fuse_pzfs/competition.ip_user_files/sim_scripts -ip_user_files_dir D:/study/competition_fuse_pzfs/competition.ip_user_files -ipstatic_source_dir D:/study/competition_fuse_pzfs/competition.ip_user_files/ipstatic -lib_map_path [list {modelsim=D:/study/competition_fuse_pzfs/competition.cache/compile_simlib/modelsim} {questa=D:/study/competition_fuse_pzfs/competition.cache/compile_simlib/questa} {riviera=D:/study/competition_fuse_pzfs/competition.cache/compile_simlib/riviera} {activehdl=D:/study/competition_fuse_pzfs/competition.cache/compile_simlib/activehdl}] -use_ip_compiled_libs -force -quiet
exit
INFO: [Common 17-206] Exiting Vivado at Sun Nov  3 21:38:01 2019...
