Copyright 1986-2018 Xilinx, Inc. All Rights Reserved.
-----------------------------------------------------------------------------------------
| Tool Version : Vivado v.2018.3 (win64) Build 2405991 Thu Dec  6 23:38:27 MST 2018
| Date         : Sun Nov 24 21:52:24 2019
| Host         : DESKTOP-P038UOU running 64-bit major release  (build 9200)
| Command      : report_control_sets -verbose -file picture_show_control_sets_placed.rpt
| Design       : picture_show
| Device       : xc7a35t
-----------------------------------------------------------------------------------------

Control Set Information

Table of Contents
-----------------
1. Summary
2. Histogram
3. Flip-Flop Distribution
4. Detailed Control Set Information

1. Summary
----------

+----------------------------------------------------------+-------+
|                          Status                          | Count |
+----------------------------------------------------------+-------+
| Number of unique control sets                            |   263 |
| Unused register locations in slices containing registers |   485 |
+----------------------------------------------------------+-------+


2. Histogram
------------

+--------+--------------+
| Fanout | Control Sets |
+--------+--------------+
|      1 |            8 |
|      2 |            2 |
|      3 |           14 |
|      4 |           13 |
|      5 |           18 |
|      6 |           44 |
|      7 |           12 |
|      8 |          113 |
|      9 |            1 |
|     10 |            3 |
|     13 |            1 |
|     14 |            1 |
|    16+ |           33 |
+--------+--------------+


3. Flip-Flop Distribution
-------------------------

+--------------+-----------------------+------------------------+-----------------+--------------+
| Clock Enable | Synchronous Set/Reset | Asynchronous Set/Reset | Total Registers | Total Slices |
+--------------+-----------------------+------------------------+-----------------+--------------+
| No           | No                    | No                     |           14382 |         2285 |
| No           | No                    | Yes                    |             516 |          148 |
| No           | Yes                   | No                     |              29 |           11 |
| Yes          | No                    | No                     |             130 |           86 |
| Yes          | No                    | Yes                    |            1881 |          515 |
| Yes          | Yes                   | No                     |              65 |           24 |
+--------------+-----------------------+------------------------+-----------------+--------------+


4. Detailed Control Set Information
-----------------------------------

+------------------------------------+----------------------------------------------------------------------------------------+------------------------------------------------------------------+------------------+----------------+
|            Clock Signal            |                                      Enable Signal                                     |                         Set/Reset Signal                         | Slice Load Count | Bel Load Count |
+------------------------------------+----------------------------------------------------------------------------------------+------------------------------------------------------------------+------------------+----------------+
|  OV7725_XCLK_OBUF_BUFG             | u_Img_Processor/Sobel_Edge_Detect_inst/u_Shift_RAM_3X3/read_clken                      | u_Img_Processor/u_count_study/rst                                |                1 |              1 |
|  OV7725_XCLK_OBUF_BUFG             | u_Img_Processor/u_hu_martix/gest5                                                      | u_Img_Processor/u_hu_martix/rst_3                                |                1 |              1 |
|  OV7725_XCLK_OBUF_BUFG             | u_Img_Processor/u_count_study/count3_up_reg[16]_i_1_n_3                                | u_Img_Processor/u_count_study/rst                                |                1 |              1 |
|  OV7725_XCLK_OBUF_BUFG             | u_Img_Processor/u_hu_martix/gest3                                                      | u_Img_Processor/u_hu_martix/rst_3                                |                1 |              1 |
|  OV7725_XCLK_OBUF_BUFG             | u_Img_Processor/result[4]_i_1_n_0                                                      | u_Img_Processor/u_hu_martix/rst_3                                |                1 |              1 |
|  OV7725_XCLK_OBUF_BUFG             | u_Img_Processor/u_count_study/count5_up_reg[16]_i_1_n_3                                | u_Img_Processor/u_count_study/rst                                |                1 |              1 |
|  OV7725_XCLK_OBUF_BUFG             | u_Img_Processor/u_hu_martix/gest2                                                      | u_Img_Processor/u_hu_martix/rst_3                                |                1 |              1 |
|  OV7725_XCLK_OBUF_BUFG             | u_Img_Processor/u_hu_martix/gest1                                                      | u_Img_Processor/u_hu_martix/rst_3                                |                1 |              1 |
|  OV7725_XCLK_OBUF_BUFG             | u_Img_Processor/Sobel_Edge_Detect_inst/Q[0]                                            | u_Img_Processor/u_hu_martix/rst_2                                |                2 |              2 |
|  clock_IBUF_BUFG                   |                                                                                        |                                                                  |                1 |              2 |
|  OV7725_XCLK_OBUF_BUFG             | u_Img_Processor/u_count_study/gest1_count[16]_i_1_n_0                                  | u_Img_Processor/u_count_study/rst                                |                2 |              3 |
|  OV7725_XCLK_OBUF_BUFG             | u_Img_Processor/u_count_study/count2_low_reg[16]_i_1_n_3                               | u_Img_Processor/u_count_study/rst                                |                1 |              3 |
|  OV7725_XCLK_OBUF_BUFG             | u_Img_Processor/u_count_study/gest5_count[16]_i_1_n_0                                  | u_Img_Processor/u_count_study/rst                                |                1 |              3 |
|  OV7725_XCLK_OBUF_BUFG             | u_Img_Processor/u_count_study/gest3_count[16]_i_1_n_0                                  | u_Img_Processor/u_count_study/rst                                |                1 |              3 |
|  OV7725_XCLK_OBUF_BUFG             | u_Img_Processor/u_count_study/count1_up_reg[16]_i_1_n_3                                | u_Img_Processor/u_count_study/rst                                |                1 |              3 |
|  OV7725_XCLK_OBUF_BUFG             | u_Img_Processor/u_count_study/count2_up_reg[16]_i_1_n_3                                | u_Img_Processor/u_count_study/rst                                |                1 |              3 |
|  OV7725_XCLK_OBUF_BUFG             | u_Img_Processor/u_count_study/count3_low_reg[16]_i_1_n_3                               | u_Img_Processor/u_count_study/rst                                |                2 |              3 |
|  OV7725_XCLK_OBUF_BUFG             |                                                                                        | u_Img_Processor/u_hu_martix/rst_2                                |                2 |              3 |
|  OV7725_XCLK_OBUF_BUFG             | u_Img_Processor/u_count_study/count4_low_reg[16]_i_1_n_3                               | u_Img_Processor/u_count_study/rst                                |                1 |              3 |
|  OV7725_XCLK_OBUF_BUFG             | u_Img_Processor/u_count_study/count4_up_reg[16]_i_1_n_3                                | u_Img_Processor/u_count_study/rst                                |                1 |              3 |
|  OV7725_XCLK_OBUF_BUFG             | u_Img_Processor/u_count_study/count5_low_reg[16]_i_1_n_3                               | u_Img_Processor/u_count_study/rst                                |                2 |              3 |
|  OV7725_XCLK_OBUF_BUFG             | u_Img_Processor/u_count_study/gest2_count[16]_i_1_n_0                                  | u_Img_Processor/u_count_study/rst                                |                1 |              3 |
|  OV7725_XCLK_OBUF_BUFG             | u_Img_Processor/u_count_study/gest4_count[16]_i_1_n_0                                  | u_Img_Processor/u_count_study/rst                                |                1 |              3 |
|  OV7725_XCLK_OBUF_BUFG             | u_Img_Processor/u_count_study/count1_low_reg[16]_i_1_n_3                               | u_Img_Processor/u_count_study/rst                                |                1 |              3 |
|  OV7725_XCLK_OBUF_BUFG             | u_Img_Processor/result[4]_i_1_n_0                                                      | u_Img_Processor/u_dynamic_gest_judge/rst                         |                2 |              4 |
|  OV7725_XCLK_OBUF_BUFG             | u_Img_Processor/u_hu_martix/gest2_up_reg[63]_i_1_n_0                                   | u_Img_Processor/u_hu_martix/nochange_martix[35]_i_1_n_0          |                1 |              4 |
|  OV7725_XCLK_OBUF_BUFG             | u_Img_Processor/u_hu_martix/gest_kind                                                  | u_Img_Processor/u_hu_martix/rst_1                                |                1 |              4 |
|  OV7725_XCLK_OBUF_BUFG             | u_ov7725/design_1_IICctrl_0_0/inst/u_I2C_Controller/E[0]                               | u_Img_Processor/u_hu_martix/rst_3                                |                1 |              4 |
|  OV7725_XCLK_OBUF_BUFG             | u_Img_Processor/u_hu_martix/gest_kind                                                  | u_Img_Processor/u_hu_martix/rst_0                                |                1 |              4 |
|  OV7725_XCLK_OBUF_BUFG             | u_Img_Processor/u_hu_martix/gest3_up_reg[63]_i_1_n_0                                   | u_Img_Processor/u_hu_martix/nochange_martix[51]_i_1_n_0          |                2 |              4 |
|  OV7725_XCLK_OBUF_BUFG             | u_Img_Processor/u_hu_martix/gest1_up_reg[63]_i_1_n_0                                   | u_Img_Processor/u_hu_martix/nochange_martix[51]_i_1_n_0          |                1 |              4 |
|  OV7725_XCLK_OBUF_BUFG             | u_Img_Processor/u_hu_martix/gest5_up_reg[63]_i_1_n_0                                   | u_Img_Processor/u_hu_martix/rst_0                                |                1 |              4 |
|  OV7725_XCLK_OBUF_BUFG             | u_Img_Processor/u_hu_martix/gest1_low_reg[63]_i_1_n_0                                  | u_Img_Processor/u_hu_martix/nochange_martix[51]_i_1_n_0          |                1 |              4 |
|  OV7725_XCLK_OBUF_BUFG             | u_Img_Processor/u_hu_martix/gest4_up_reg[63]_i_1_n_0                                   | u_Img_Processor/u_hu_martix/rst_0                                |                1 |              4 |
|  OV7725_XCLK_OBUF_BUFG             | u_Img_Processor/u_hu_martix/u1_div_gen_32bit/U0/i_synth/i_nd_to_rdy/m_axis_dout_tvalid | u_Img_Processor/u_hu_martix/nochange_martix[35]_i_1_n_0          |                4 |              4 |
|  OV7725_XCLK_OBUF_BUFG             | u_Img_Processor/u_hu_martix/gest4_low_reg[63]_i_1_n_0                                  | u_Img_Processor/u_hu_martix/rst_0                                |                1 |              4 |
|  OV7725_XCLK_OBUF_BUFG             | u_Img_Processor/u_hu_martix/gest3_low_reg[63]_i_1_n_0                                  | u_Img_Processor/u_hu_martix/rst_0                                |                1 |              4 |
|  OV7725_XCLK_OBUF_BUFG             | u_Img_Processor/u_hu_martix/gest1                                                      | u_Img_Processor/u_hu_martix/nochange_martix[43]_i_1_n_0          |                2 |              5 |
|  OV7725_XCLK_OBUF_BUFG             | u_Img_Processor/u_hu_judge/count6                                                      | u_Img_Processor/u_hu_martix/gest_judge                           |                2 |              5 |
|  OV7725_XCLK_OBUF_BUFG             | u_Img_Processor/u_hu_martix/gest2                                                      | u_Img_Processor/u_hu_martix/nochange_martix[43]_i_1_n_0          |                1 |              5 |
|  OV7725_XCLK_OBUF_BUFG             | u_Img_Processor/u_hu_martix/gest1                                                      | u_Img_Processor/u_hu_martix/rst_1                                |                1 |              5 |
|  OV7725_XCLK_OBUF_BUFG             | u_Img_Processor/u_hu_martix/gest2_low_reg[63]_i_1_n_0                                  | u_Img_Processor/u_hu_martix/nochange_martix[35]_i_1_n_0          |                1 |              5 |
|  OV7725_XCLK_OBUF_BUFG             | u_Img_Processor/u_hu_martix/gest5                                                      | u_Img_Processor/u_hu_martix/rst_1                                |                1 |              5 |
|  OV7725_XCLK_OBUF_BUFG             | u_Img_Processor/u_hu_martix/gest5_low_reg[63]_i_1_n_0                                  | u_Img_Processor/u_hu_martix/rst_0                                |                2 |              5 |
|  OV7725_XCLK_OBUF_BUFG             | u_Img_Processor/u_hu_martix/count6_reg[2]_1[0]                                         | u_Img_Processor/u_dynamic_gest_judge/rst                         |                1 |              5 |
|  OV7725_XCLK_OBUF_BUFG             | u_Img_Processor/u_hu_martix/count6_reg[2][0]                                           | u_Img_Processor/u_dynamic_gest_judge/rst                         |                2 |              5 |
|  OV7725_XCLK_OBUF_BUFG             | u_Img_Processor/u_hu_martix/count6_reg[2]_2[0]                                         | u_Img_Processor/u_dynamic_gest_judge/rst                         |                1 |              5 |
|  OV7725_XCLK_OBUF_BUFG             | u_Img_Processor/u_hu_martix/count6_reg[2]_3[0]                                         | u_Img_Processor/u_dynamic_gest_judge/rst                         |                1 |              5 |
|  OV7725_XCLK_OBUF_BUFG             | u_Img_Processor/u_hu_martix/gest4                                                      | u_Img_Processor/u_hu_martix/rst_1                                |                1 |              5 |
|  OV7725_XCLK_OBUF_BUFG             | u_Img_Processor/u_hu_martix/gest4                                                      | u_Img_Processor/u_hu_martix/nochange_martix[43]_i_1_n_0          |                2 |              5 |
|  OV7725_XCLK_OBUF_BUFG             | u_Img_Processor/u_hu_martix/count6_reg[2]_0[0]                                         | u_Img_Processor/u_dynamic_gest_judge/rst                         |                1 |              5 |
|  OV7725_XCLK_OBUF_BUFG             | count_judge_start_IBUF                                                                 | u_Img_Processor/u_dynamic_gest_judge/rst                         |                1 |              5 |
|  OV7725_XCLK_OBUF_BUFG             | u_Img_Processor/u_hu_martix/gest2                                                      | u_Img_Processor/u_hu_martix/rst_1                                |                1 |              5 |
|  OV7725_XCLK_OBUF_BUFG             | u_Img_Processor/u_hu_martix/gest3                                                      | u_Img_Processor/u_hu_martix/nochange_martix[43]_i_1_n_0          |                2 |              5 |
|  OV7725_XCLK_OBUF_BUFG             | u_Img_Processor/u_hu_judge/count6_reg[2]_0                                             | u_Img_Processor/u_dynamic_gest_judge/rst                         |                2 |              5 |
|  OV7725_XCLK_OBUF_BUFG             | u_ov7725/design_1_IICctrl_0_0/inst/u_I2C_Controller/SD_COUNTER                         | u_Img_Processor/u_hu_martix/rst_3                                |                3 |              6 |
|  OV7725_PCLK_IBUF_BUFG             |                                                                                        | OV7725_VSYNC_IBUF                                                |                3 |              6 |
|  OV7725_XCLK_OBUF_BUFG             | u_Img_Processor/u_hu_martix/gest5                                                      | u_Img_Processor/u_hu_martix/nochange_martix[43]_i_1_n_0          |                1 |              6 |
|  OV7725_XCLK_OBUF_BUFG             | u_Img_Processor/u_hu_martix/gest3_low_reg[63]_i_1_n_0                                  | u_Img_Processor/u_hu_martix/en_xd_i_2_n_0                        |                2 |              6 |
|  OV7725_XCLK_OBUF_BUFG             | u_Img_Processor/u_hu_martix/gest5                                                      | u_Img_Processor/u_hu_martix/en_xd_i_2_n_0                        |                3 |              6 |
|  OV7725_XCLK_OBUF_BUFG             | u_Img_Processor/u_hu_martix/gest4_up_reg[63]_i_1_n_0                                   | u_Img_Processor/u_hu_martix/rst_1                                |                2 |              6 |
|  OV7725_XCLK_OBUF_BUFG             | u_Img_Processor/u_hu_martix/gest4_up_reg[63]_i_1_n_0                                   | u_Img_Processor/u_hu_martix/nochange_martix[13]_i_1_n_0          |                2 |              6 |
|  OV7725_XCLK_OBUF_BUFG             | u_Img_Processor/u_count_study/count2_low_reg[16]_i_1_n_3                               | u_Img_Processor/u_count_study/rst_0                              |                1 |              6 |
|  OV7725_XCLK_OBUF_BUFG             | u_Img_Processor/u_hu_martix/gest4_low_reg[63]_i_1_n_0                                  | u_Img_Processor/u_hu_martix/rst_1                                |                2 |              6 |
|  OV7725_XCLK_OBUF_BUFG             |                                                                                        | u_Img_Processor/u_count_study/rst_0                              |                3 |              6 |
|  OV7725_XCLK_OBUF_BUFG             | u_Img_Processor/u_hu_martix/gest4_low_reg[63]_i_1_n_0                                  | u_Img_Processor/u_hu_martix/nochange_martix[13]_i_1_n_0          |                1 |              6 |
|  OV7725_XCLK_OBUF_BUFG             | u_Img_Processor/u_hu_martix/gest4                                                      | u_Img_Processor/u_hu_martix/en_xd_i_2_n_0                        |                2 |              6 |
|  OV7725_XCLK_OBUF_BUFG             | u_Img_Processor/u_hu_martix/gest3_up_reg[63]_i_1_n_0                                   | u_Img_Processor/u_hu_martix/rst_1                                |                2 |              6 |
|  OV7725_XCLK_OBUF_BUFG             | u_Img_Processor/u_hu_martix/gest3_low_reg[63]_i_1_n_0                                  | u_Img_Processor/u_hu_martix/rst_1                                |                2 |              6 |
|  OV7725_XCLK_OBUF_BUFG             | u_Img_Processor/u_count_study/gest3_count[16]_i_1_n_0                                  | u_Img_Processor/u_count_study/rst_0                              |                1 |              6 |
|  OV7725_XCLK_OBUF_BUFG             | u_Img_Processor/u_count_study/gest5_count[16]_i_1_n_0                                  | u_Img_Processor/u_count_study/rst_0                              |                1 |              6 |
|  OV7725_XCLK_OBUF_BUFG             | u_Img_Processor/u_hu_martix/u1_div_gen_32bit/U0/i_synth/i_nd_to_rdy/m_axis_dout_tvalid | u_Img_Processor/u_hu_martix/en_xd_i_2_n_0                        |                3 |              6 |
|  OV7725_XCLK_OBUF_BUFG             | u_Img_Processor/u_hu_martix/gest1_low_reg[63]_i_1_n_0                                  | u_Img_Processor/u_hu_martix/rst_1                                |                4 |              6 |
|  OV7725_XCLK_OBUF_BUFG             | u_Img_Processor/u_count_study/gest1_count[16]_i_1_n_0                                  | u_Img_Processor/u_count_study/rst_0                              |                2 |              6 |
|  OV7725_XCLK_OBUF_BUFG             | u_Img_Processor/u_hu_martix/gest3_up_reg[63]_i_1_n_0                                   | u_Img_Processor/u_hu_martix/en_xd_i_2_n_0                        |                1 |              6 |
|  OV7725_XCLK_OBUF_BUFG             | u_Img_Processor/u_count_study/count1_low_reg[16]_i_1_n_3                               | u_Img_Processor/u_count_study/rst_0                              |                2 |              6 |
|  OV7725_XCLK_OBUF_BUFG             | u_Img_Processor/u_count_study/gest2_count[16]_i_1_n_0                                  | u_Img_Processor/u_count_study/rst_0                              |                1 |              6 |
|  OV7725_XCLK_OBUF_BUFG             | u_Img_Processor/u_hu_martix/gest1_up_reg[63]_i_1_n_0                                   | u_Img_Processor/u_hu_martix/rst_1                                |                2 |              6 |
|  OV7725_XCLK_OBUF_BUFG             | u_Img_Processor/u_hu_martix/gest1_low_reg[63]_i_1_n_0                                  | u_Img_Processor/u_hu_martix/en_xd_i_2_n_0                        |                1 |              6 |
|  OV7725_XCLK_OBUF_BUFG             | u_Img_Processor/u_count_study/gest4_count[16]_i_1_n_0                                  | u_Img_Processor/u_count_study/rst_0                              |                2 |              6 |
|  OV7725_XCLK_OBUF_BUFG             | u_Img_Processor/u_hu_martix/gest2_up_reg[63]_i_1_n_0                                   | u_Img_Processor/u_hu_martix/en_xd_i_2_n_0                        |                2 |              6 |
|  OV7725_XCLK_OBUF_BUFG             | u_Img_Processor/u_hu_martix/gest1                                                      | u_Img_Processor/u_hu_martix/en_xd_i_2_n_0                        |                4 |              6 |
|  OV7725_XCLK_OBUF_BUFG             | u_Img_Processor/u_hu_martix/gest2_low_reg[63]_i_1_n_0                                  | u_Img_Processor/u_hu_martix/rst_1                                |                1 |              6 |
|  OV7725_XCLK_OBUF_BUFG             | u_Img_Processor/u_hu_martix/gest5_low_reg[63]_i_1_n_0                                  | u_Img_Processor/u_hu_martix/nochange_martix[21]_i_1_n_0          |                1 |              6 |
|  OV7725_XCLK_OBUF_BUFG             | u_Img_Processor/u_count_study/count5_low_reg[16]_i_1_n_3                               | u_Img_Processor/u_count_study/count_now[15]_i_1_n_0              |                2 |              6 |
|  OV7725_XCLK_OBUF_BUFG             | u_Img_Processor/u_hu_martix/gest2_up_reg[63]_i_1_n_0                                   | u_Img_Processor/u_hu_martix/rst_1                                |                2 |              6 |
|  OV7725_XCLK_OBUF_BUFG             | u_Img_Processor/u_hu_martix/gest2_low_reg[63]_i_1_n_0                                  | u_Img_Processor/u_hu_martix/en_xd_i_2_n_0                        |                2 |              6 |
|  OV7725_XCLK_OBUF_BUFG             | u_Img_Processor/u_hu_martix/gest3                                                      | u_Img_Processor/u_hu_martix/en_xd_i_2_n_0                        |                1 |              6 |
|  OV7725_XCLK_OBUF_BUFG             | u_Img_Processor/u_count_study/count4_up_reg[16]_i_1_n_3                                | u_Img_Processor/u_count_study/rst_0                              |                1 |              6 |
|  OV7725_XCLK_OBUF_BUFG             | u_Img_Processor/u_hu_martix/u1_div_gen_32bit/U0/i_synth/i_nd_to_rdy/m_axis_dout_tvalid | u_Img_Processor/u_hu_martix/rst_1                                |                5 |              6 |
|  OV7725_XCLK_OBUF_BUFG             | u_Img_Processor/u_count_study/count3_low_reg[16]_i_1_n_3                               | u_Img_Processor/u_count_study/rst_0                              |                2 |              6 |
|  OV7725_XCLK_OBUF_BUFG             | u_Img_Processor/u_hu_martix/gest5_low_reg[63]_i_1_n_0                                  | u_Img_Processor/u_hu_martix/rst_1                                |                2 |              6 |
|  OV7725_XCLK_OBUF_BUFG             | u_Img_Processor/u_hu_martix/gest5_up_reg[63]_i_1_n_0                                   | u_Img_Processor/u_hu_martix/rst_1                                |                1 |              6 |
|  OV7725_XCLK_OBUF_BUFG             | u_Img_Processor/u_hu_martix/gest_kind                                                  | u_Img_Processor/u_hu_martix/nochange_martix[35]_i_1_n_0          |                1 |              6 |
|  OV7725_XCLK_OBUF_BUFG             | u_Img_Processor/u_hu_martix/gest3                                                      | u_Img_Processor/u_hu_martix/rst_1                                |                3 |              6 |
|  OV7725_XCLK_OBUF_BUFG             | u_Img_Processor/u_hu_martix/gest2                                                      | u_Img_Processor/u_hu_martix/en_xd_i_2_n_0                        |                1 |              6 |
|  OV7725_XCLK_OBUF_BUFG             | u_Img_Processor/u_count_study/count2_up_reg[16]_i_1_n_3                                | u_Img_Processor/u_count_study/rst_0                              |                2 |              6 |
|  OV7725_XCLK_OBUF_BUFG             | u_Img_Processor/u_hu_martix/gest1_up_reg[63]_i_1_n_0                                   | u_Img_Processor/u_hu_martix/en_xd_i_2_n_0                        |                1 |              6 |
|  OV7725_XCLK_OBUF_BUFG             | u_Img_Processor/u_count_study/count1_up_reg[16]_i_1_n_3                                | u_Img_Processor/u_count_study/count_now[15]_i_1_n_0              |                1 |              6 |
|  OV7725_XCLK_OBUF_BUFG             | u_Img_Processor/u_hu_martix/gest5                                                      | u_Img_Processor/u_hu_martix/nochange_martix[21]_i_1_n_0          |                2 |              7 |
|  OV7725_XCLK_OBUF_BUFG             | u_Img_Processor/u_count_study/count4_low_reg[16]_i_1_n_3                               | u_Img_Processor/u_count_study/rst_0                              |                2 |              7 |
|  OV7725_XCLK_OBUF_BUFG             | u_Img_Processor/u_hu_martix/gest5                                                      | u_Img_Processor/u_hu_martix/nochange_martix[63]_i_1_n_0          |                1 |              7 |
|  OV7725_XCLK_OBUF_BUFG             | u_Img_Processor/u_count_study/count4_low_reg[16]_i_1_n_3                               | u_Img_Processor/u_count_study/count_now[15]_i_1_n_0              |                2 |              7 |
|  OV7725_XCLK_OBUF_BUFG             | u_Img_Processor/u_hu_martix/gest1                                                      | u_Img_Processor/u_hu_martix/nochange_martix[63]_i_1_n_0          |                2 |              7 |
|  OV7725_XCLK_OBUF_BUFG             | u_Img_Processor/u_hu_martix/gest3                                                      | u_Img_Processor/u_hu_martix/nochange_martix[63]_i_1_n_0          |                1 |              7 |
|  OV7725_XCLK_OBUF_BUFG             | u_Img_Processor/u_hu_martix/gest5_up_reg[63]_i_1_n_0                                   | u_Img_Processor/u_hu_martix/nochange_martix[13]_i_1_n_0          |                2 |              7 |
|  OV7725_XCLK_OBUF_BUFG             | u_Img_Processor/u_hu_martix/gest3                                                      | u_Img_Processor/u_hu_martix/nochange_martix[21]_i_1_n_0          |                3 |              7 |
|  OV7725_XCLK_OBUF_BUFG             | u_Img_Processor/u_hu_martix/gest2                                                      | u_Img_Processor/u_hu_martix/nochange_martix[63]_i_1_n_0          |                1 |              7 |
|  OV7725_XCLK_OBUF_BUFG             | u_Img_Processor/u_hu_martix/gest2_low_reg[63]_i_1_n_0                                  | u_Img_Processor/u_hu_martix/nochange_martix[51]_i_1_n_0          |                2 |              7 |
|  OV7725_XCLK_OBUF_BUFG             | u_Img_Processor/u_hu_martix/gest5_low_reg[63]_i_1_n_0                                  | u_Img_Processor/u_hu_martix/nochange_martix[63]_i_1_n_0          |                2 |              7 |
|  OV7725_XCLK_OBUF_BUFG             | u_Img_Processor/u_hu_martix/gest5_up_reg[63]_i_1_n_0                                   | u_Img_Processor/u_hu_martix/nochange_martix[21]_i_1_n_0          |                1 |              7 |
|  OV7725_XCLK_OBUF_BUFG             | u_Img_Processor/u_fuse/cr_low[7]_i_1_n_0                                               | u_Img_Processor/u_RGB_YCBCR/rst                                  |                3 |              8 |
|  OV7725_XCLK_OBUF_BUFG             | u_Img_Processor/u_hu_martix/gest1                                                      | u_Img_Processor/u_hu_martix/nochange_martix[21]_i_1_n_0          |                3 |              8 |
|  OV7725_XCLK_OBUF_BUFG             | u_Img_Processor/u_hu_martix/gest1                                                      | u_Img_Processor/u_hu_martix/nochange_martix[35]_i_1_n_0          |                3 |              8 |
|  OV7725_XCLK_OBUF_BUFG             | u_Img_Processor/u_hu_martix/gest1                                                      | u_Img_Processor/u_hu_martix/nochange_martix[51]_i_1_n_0          |                1 |              8 |
|  OV7725_XCLK_OBUF_BUFG             | u_Img_Processor/u_hu_martix/gest1                                                      | u_Img_Processor/u_hu_martix/rst_0                                |                3 |              8 |
|  OV7725_XCLK_OBUF_BUFG             | u_Img_Processor/u_hu_martix/gest1_low_reg[63]_i_1_n_0                                  | u_Img_Processor/u_hu_martix/nochange_martix[13]_i_1_n_0          |                3 |              8 |
|  OV7725_XCLK_OBUF_BUFG             | u_Img_Processor/u_hu_martix/gest1_low_reg[63]_i_1_n_0                                  | u_Img_Processor/u_hu_martix/nochange_martix[21]_i_1_n_0          |                3 |              8 |
|  OV7725_XCLK_OBUF_BUFG             | u_Img_Processor/u_hu_martix/gest1_low_reg[63]_i_1_n_0                                  | u_Img_Processor/u_hu_martix/nochange_martix[35]_i_1_n_0          |                1 |              8 |
|  OV7725_XCLK_OBUF_BUFG             | u_Img_Processor/u_hu_martix/gest1_low_reg[63]_i_1_n_0                                  | u_Img_Processor/u_hu_martix/nochange_martix[43]_i_1_n_0          |                2 |              8 |
|  OV7725_XCLK_OBUF_BUFG             | u_Img_Processor/u_hu_martix/gest1_low_reg[63]_i_1_n_0                                  | u_Img_Processor/u_hu_martix/nochange_martix[63]_i_1_n_0          |                2 |              8 |
|  OV7725_XCLK_OBUF_BUFG             | u_Img_Processor/u_hu_martix/gest1_low_reg[63]_i_1_n_0                                  | u_Img_Processor/u_hu_martix/rst_0                                |                2 |              8 |
|  OV7725_XCLK_OBUF_BUFG             | u_Img_Processor/u_hu_martix/gest1_up_reg[63]_i_1_n_0                                   | u_Img_Processor/u_hu_martix/nochange_martix[13]_i_1_n_0          |                2 |              8 |
|  OV7725_XCLK_OBUF_BUFG             | u_Img_Processor/u_hu_martix/gest1_up_reg[63]_i_1_n_0                                   | u_Img_Processor/u_hu_martix/nochange_martix[21]_i_1_n_0          |                1 |              8 |
|  OV7725_XCLK_OBUF_BUFG             | u_Img_Processor/u_hu_martix/gest1_up_reg[63]_i_1_n_0                                   | u_Img_Processor/u_hu_martix/nochange_martix[35]_i_1_n_0          |                1 |              8 |
|  OV7725_XCLK_OBUF_BUFG             | u_Img_Processor/u_hu_martix/gest1_up_reg[63]_i_1_n_0                                   | u_Img_Processor/u_hu_martix/nochange_martix[43]_i_1_n_0          |                1 |              8 |
|  OV7725_XCLK_OBUF_BUFG             | u_Img_Processor/u_hu_martix/gest1_up_reg[63]_i_1_n_0                                   | u_Img_Processor/u_hu_martix/nochange_martix[63]_i_1_n_0          |                1 |              8 |
|  OV7725_XCLK_OBUF_BUFG             | u_Img_Processor/u_hu_martix/gest1_up_reg[63]_i_1_n_0                                   | u_Img_Processor/u_hu_martix/rst_0                                |                1 |              8 |
|  OV7725_XCLK_OBUF_BUFG             | u_Img_Processor/u_hu_martix/gest2                                                      | u_Img_Processor/u_hu_martix/nochange_martix[13]_i_1_n_0          |                2 |              8 |
|  OV7725_XCLK_OBUF_BUFG             | u_Img_Processor/u_hu_martix/gest2                                                      | u_Img_Processor/u_hu_martix/nochange_martix[21]_i_1_n_0          |                1 |              8 |
|  OV7725_XCLK_OBUF_BUFG             | u_Img_Processor/u_hu_martix/gest2                                                      | u_Img_Processor/u_hu_martix/nochange_martix[35]_i_1_n_0          |                1 |              8 |
|  OV7725_XCLK_OBUF_BUFG             | u_Img_Processor/u_count_study/count5_up_reg[16]_i_1_n_3                                | u_Img_Processor/u_count_study/rst_0                              |                2 |              8 |
|  OV7725_XCLK_OBUF_BUFG             | u_Img_Processor/u_hu_martix/gest2                                                      | u_Img_Processor/u_hu_martix/rst_0                                |                1 |              8 |
|  OV7725_XCLK_OBUF_BUFG             | u_Img_Processor/u_hu_martix/gest2_low_reg[63]_i_1_n_0                                  | u_Img_Processor/u_hu_martix/nochange_martix[13]_i_1_n_0          |                2 |              8 |
|  OV7725_XCLK_OBUF_BUFG             | u_Img_Processor/u_hu_martix/gest2_low_reg[63]_i_1_n_0                                  | u_Img_Processor/u_hu_martix/nochange_martix[21]_i_1_n_0          |                1 |              8 |
|  OV7725_XCLK_OBUF_BUFG             | u_Img_Processor/u_hu_martix/gest2_low_reg[63]_i_1_n_0                                  | u_Img_Processor/u_hu_martix/nochange_martix[43]_i_1_n_0          |                2 |              8 |
|  OV7725_XCLK_OBUF_BUFG             | u_Img_Processor/u_hu_martix/gest2_low_reg[63]_i_1_n_0                                  | u_Img_Processor/u_hu_martix/nochange_martix[63]_i_1_n_0          |                1 |              8 |
|  OV7725_XCLK_OBUF_BUFG             | u_Img_Processor/u_hu_martix/gest2_low_reg[63]_i_1_n_0                                  | u_Img_Processor/u_hu_martix/rst_0                                |                2 |              8 |
|  OV7725_XCLK_OBUF_BUFG             | u_Img_Processor/u_hu_martix/gest2_up_reg[63]_i_1_n_0                                   | u_Img_Processor/u_hu_martix/nochange_martix[13]_i_1_n_0          |                2 |              8 |
|  OV7725_XCLK_OBUF_BUFG             | u_Img_Processor/u_hu_martix/gest2_up_reg[63]_i_1_n_0                                   | u_Img_Processor/u_hu_martix/nochange_martix[21]_i_1_n_0          |                2 |              8 |
|  OV7725_XCLK_OBUF_BUFG             | u_Img_Processor/u_hu_martix/gest2_up_reg[63]_i_1_n_0                                   | u_Img_Processor/u_hu_martix/nochange_martix[43]_i_1_n_0          |                2 |              8 |
|  OV7725_XCLK_OBUF_BUFG             | u_Img_Processor/u_hu_martix/gest2_up_reg[63]_i_1_n_0                                   | u_Img_Processor/u_hu_martix/nochange_martix[51]_i_1_n_0          |                2 |              8 |
|  OV7725_XCLK_OBUF_BUFG             | u_Img_Processor/u_hu_martix/gest2_up_reg[63]_i_1_n_0                                   | u_Img_Processor/u_hu_martix/nochange_martix[63]_i_1_n_0          |                2 |              8 |
|  OV7725_XCLK_OBUF_BUFG             | u_Img_Processor/u_hu_martix/gest2_up_reg[63]_i_1_n_0                                   | u_Img_Processor/u_hu_martix/rst_0                                |                2 |              8 |
|  OV7725_XCLK_OBUF_BUFG             | u_Img_Processor/u_hu_martix/gest3                                                      | u_Img_Processor/u_hu_martix/nochange_martix[13]_i_1_n_0          |                2 |              8 |
|  OV7725_XCLK_OBUF_BUFG             | u_Img_Processor/u_hu_martix/gest3                                                      | u_Img_Processor/u_hu_martix/nochange_martix[35]_i_1_n_0          |                2 |              8 |
|  OV7725_XCLK_OBUF_BUFG             | u_Img_Processor/u_hu_martix/gest3                                                      | u_Img_Processor/u_hu_martix/nochange_martix[51]_i_1_n_0          |                2 |              8 |
|  OV7725_XCLK_OBUF_BUFG             | u_Img_Processor/u_hu_martix/gest3                                                      | u_Img_Processor/u_hu_martix/rst_0                                |                2 |              8 |
|  OV7725_XCLK_OBUF_BUFG             | u_Img_Processor/u_hu_martix/gest2                                                      | u_Img_Processor/u_hu_martix/nochange_martix[51]_i_1_n_0          |                2 |              8 |
|  OV7725_XCLK_OBUF_BUFG             | u_Img_Processor/u_hu_martix/gest3_low_reg[63]_i_1_n_0                                  | u_Img_Processor/u_hu_martix/nochange_martix[13]_i_1_n_0          |                3 |              8 |
|  OV7725_XCLK_OBUF_BUFG             | u_Img_Processor/u_hu_martix/gest3_low_reg[63]_i_1_n_0                                  | u_Img_Processor/u_hu_martix/nochange_martix[21]_i_1_n_0          |                3 |              8 |
|  OV7725_XCLK_OBUF_BUFG             | u_Img_Processor/u_hu_martix/gest3_low_reg[63]_i_1_n_0                                  | u_Img_Processor/u_hu_martix/nochange_martix[35]_i_1_n_0          |                1 |              8 |
|  OV7725_XCLK_OBUF_BUFG             | u_Img_Processor/u_hu_martix/gest3_low_reg[63]_i_1_n_0                                  | u_Img_Processor/u_hu_martix/nochange_martix[43]_i_1_n_0          |                3 |              8 |
|  OV7725_XCLK_OBUF_BUFG             | u_Img_Processor/u_hu_martix/gest3_low_reg[63]_i_1_n_0                                  | u_Img_Processor/u_hu_martix/nochange_martix[51]_i_1_n_0          |                2 |              8 |
|  OV7725_XCLK_OBUF_BUFG             | u_Img_Processor/u_hu_martix/gest3_low_reg[63]_i_1_n_0                                  | u_Img_Processor/u_hu_martix/nochange_martix[63]_i_1_n_0          |                2 |              8 |
|  OV7725_XCLK_OBUF_BUFG             | u_Img_Processor/u_hu_martix/gest3_up_reg[63]_i_1_n_0                                   | u_Img_Processor/u_hu_martix/nochange_martix[13]_i_1_n_0          |                3 |              8 |
|  OV7725_XCLK_OBUF_BUFG             | u_Img_Processor/u_hu_martix/gest3_up_reg[63]_i_1_n_0                                   | u_Img_Processor/u_hu_martix/nochange_martix[21]_i_1_n_0          |                2 |              8 |
|  OV7725_XCLK_OBUF_BUFG             | u_Img_Processor/u_hu_martix/gest3_up_reg[63]_i_1_n_0                                   | u_Img_Processor/u_hu_martix/nochange_martix[35]_i_1_n_0          |                1 |              8 |
|  OV7725_XCLK_OBUF_BUFG             | u_Img_Processor/u_hu_martix/gest3_up_reg[63]_i_1_n_0                                   | u_Img_Processor/u_hu_martix/nochange_martix[43]_i_1_n_0          |                2 |              8 |
|  OV7725_XCLK_OBUF_BUFG             | u_Img_Processor/u_hu_martix/gest3_up_reg[63]_i_1_n_0                                   | u_Img_Processor/u_hu_martix/nochange_martix[63]_i_1_n_0          |                2 |              8 |
|  OV7725_XCLK_OBUF_BUFG             | u_Img_Processor/u_hu_martix/gest3_up_reg[63]_i_1_n_0                                   | u_Img_Processor/u_hu_martix/rst_0                                |                2 |              8 |
|  OV7725_XCLK_OBUF_BUFG             | u_Img_Processor/u_hu_martix/gest4                                                      | u_Img_Processor/u_hu_martix/nochange_martix[13]_i_1_n_0          |                3 |              8 |
|  OV7725_XCLK_OBUF_BUFG             | u_Img_Processor/u_hu_martix/gest4                                                      | u_Img_Processor/u_hu_martix/nochange_martix[21]_i_1_n_0          |                2 |              8 |
|  OV7725_XCLK_OBUF_BUFG             | u_Img_Processor/u_hu_martix/gest4                                                      | u_Img_Processor/u_hu_martix/nochange_martix[35]_i_1_n_0          |                3 |              8 |
|  OV7725_XCLK_OBUF_BUFG             | u_Img_Processor/u_hu_martix/gest4                                                      | u_Img_Processor/u_hu_martix/nochange_martix[51]_i_1_n_0          |                2 |              8 |
|  OV7725_XCLK_OBUF_BUFG             | u_Img_Processor/u_hu_martix/gest4                                                      | u_Img_Processor/u_hu_martix/nochange_martix[63]_i_1_n_0          |                2 |              8 |
|  OV7725_XCLK_OBUF_BUFG             | u_Img_Processor/u_hu_martix/gest4                                                      | u_Img_Processor/u_hu_martix/rst_0                                |                3 |              8 |
|  OV7725_XCLK_OBUF_BUFG             | u_Img_Processor/u_hu_martix/gest4_low_reg[63]_i_1_n_0                                  | u_Img_Processor/u_hu_martix/en_xd_i_2_n_0                        |                1 |              8 |
|  OV7725_XCLK_OBUF_BUFG             | u_Img_Processor/u_hu_martix/gest4_low_reg[63]_i_1_n_0                                  | u_Img_Processor/u_hu_martix/nochange_martix[21]_i_1_n_0          |                1 |              8 |
|  OV7725_XCLK_OBUF_BUFG             | u_Img_Processor/u_hu_martix/gest4_low_reg[63]_i_1_n_0                                  | u_Img_Processor/u_hu_martix/nochange_martix[35]_i_1_n_0          |                1 |              8 |
|  OV7725_XCLK_OBUF_BUFG             | u_Img_Processor/u_hu_martix/gest4_low_reg[63]_i_1_n_0                                  | u_Img_Processor/u_hu_martix/nochange_martix[43]_i_1_n_0          |                1 |              8 |
|  OV7725_XCLK_OBUF_BUFG             | u_Img_Processor/u_hu_martix/gest4_low_reg[63]_i_1_n_0                                  | u_Img_Processor/u_hu_martix/nochange_martix[51]_i_1_n_0          |                2 |              8 |
|  OV7725_XCLK_OBUF_BUFG             | u_Img_Processor/u_hu_martix/gest4_low_reg[63]_i_1_n_0                                  | u_Img_Processor/u_hu_martix/nochange_martix[63]_i_1_n_0          |                1 |              8 |
|  OV7725_XCLK_OBUF_BUFG             | u_Img_Processor/u_hu_martix/gest4_up_reg[63]_i_1_n_0                                   | u_Img_Processor/u_hu_martix/en_xd_i_2_n_0                        |                2 |              8 |
|  OV7725_XCLK_OBUF_BUFG             | u_Img_Processor/u_hu_martix/gest4_up_reg[63]_i_1_n_0                                   | u_Img_Processor/u_hu_martix/nochange_martix[21]_i_1_n_0          |                2 |              8 |
|  OV7725_XCLK_OBUF_BUFG             | u_Img_Processor/u_hu_martix/gest4_up_reg[63]_i_1_n_0                                   | u_Img_Processor/u_hu_martix/nochange_martix[35]_i_1_n_0          |                2 |              8 |
|  OV7725_XCLK_OBUF_BUFG             | u_Img_Processor/u_hu_martix/gest4_up_reg[63]_i_1_n_0                                   | u_Img_Processor/u_hu_martix/nochange_martix[43]_i_1_n_0          |                3 |              8 |
|  OV7725_XCLK_OBUF_BUFG             | u_Img_Processor/u_hu_martix/gest4_up_reg[63]_i_1_n_0                                   | u_Img_Processor/u_hu_martix/nochange_martix[51]_i_1_n_0          |                2 |              8 |
|  OV7725_XCLK_OBUF_BUFG             | u_Img_Processor/u_hu_martix/gest4_up_reg[63]_i_1_n_0                                   | u_Img_Processor/u_hu_martix/nochange_martix[63]_i_1_n_0          |                2 |              8 |
|  OV7725_XCLK_OBUF_BUFG             | u_Img_Processor/u_hu_martix/gest5                                                      | u_Img_Processor/u_hu_martix/nochange_martix[13]_i_1_n_0          |                3 |              8 |
|  OV7725_XCLK_OBUF_BUFG             | u_Img_Processor/u_hu_martix/gest5                                                      | u_Img_Processor/u_hu_martix/nochange_martix[35]_i_1_n_0          |                1 |              8 |
|  OV7725_XCLK_OBUF_BUFG             | u_Img_Processor/u_hu_martix/gest5                                                      | u_Img_Processor/u_hu_martix/nochange_martix[51]_i_1_n_0          |                1 |              8 |
|  OV7725_XCLK_OBUF_BUFG             | u_Img_Processor/u_hu_martix/gest5                                                      | u_Img_Processor/u_hu_martix/rst_0                                |                1 |              8 |
|  OV7725_XCLK_OBUF_BUFG             |                                                                                        | u_Img_Processor/u_count_study/count_now[15]_i_1_n_0              |                3 |              8 |
|  OV7725_XCLK_OBUF_BUFG             | u_Img_Processor/Erosion_inst2/u_Shift_RAM_3x3_1bit/p_0_in[1]                           | u_Img_Processor/u_dilation/u_Shift_RAM_3x3_1bit/rst              |                2 |              8 |
|  OV7725_XCLK_OBUF_BUFG             | u_Img_Processor/u_hu_martix/gest5_low_reg[63]_i_1_n_0                                  | u_Img_Processor/u_hu_martix/en_xd_i_2_n_0                        |                2 |              8 |
|  OV7725_XCLK_OBUF_BUFG             | u_Img_Processor/u_hu_martix/gest5_low_reg[63]_i_1_n_0                                  | u_Img_Processor/u_hu_martix/nochange_martix[13]_i_1_n_0          |                2 |              8 |
|  OV7725_XCLK_OBUF_BUFG             | u_Img_Processor/Erosion_inst/u_Shift_RAM_3x3_1bit/p_0_in[1]                            | u_Img_Processor/u_dilation/u_Shift_RAM_3x3_1bit/rst              |                4 |              8 |
|  OV7725_XCLK_OBUF_BUFG             | u_Img_Processor/u_hu_martix/gest5_low_reg[63]_i_1_n_0                                  | u_Img_Processor/u_hu_martix/nochange_martix[35]_i_1_n_0          |                2 |              8 |
|  OV7725_XCLK_OBUF_BUFG             | u_Img_Processor/u_hu_martix/gest5_low_reg[63]_i_1_n_0                                  | u_Img_Processor/u_hu_martix/nochange_martix[43]_i_1_n_0          |                2 |              8 |
|  OV7725_XCLK_OBUF_BUFG             | u_Img_Processor/u_hu_martix/gest5_low_reg[63]_i_1_n_0                                  | u_Img_Processor/u_hu_martix/nochange_martix[51]_i_1_n_0          |                2 |              8 |
|  OV7725_XCLK_OBUF_BUFG             | u_Img_Processor/u_count_study/count1_low_reg[16]_i_1_n_3                               | u_Img_Processor/u_count_study/count_now[15]_i_1_n_0              |                2 |              8 |
|  OV7725_XCLK_OBUF_BUFG             | u_Img_Processor/u_count_study/count2_low_reg[16]_i_1_n_3                               | u_Img_Processor/u_count_study/count_now[15]_i_1_n_0              |                2 |              8 |
|  OV7725_XCLK_OBUF_BUFG             | u_Img_Processor/u_count_study/count1_up_reg[16]_i_1_n_3                                | u_Img_Processor/u_count_study/rst_0                              |                1 |              8 |
|  OV7725_XCLK_OBUF_BUFG             | u_Img_Processor/u_hu_martix/gest5_up_reg[63]_i_1_n_0                                   | u_Img_Processor/u_hu_martix/en_xd_i_2_n_0                        |                2 |              8 |
|  OV7725_XCLK_OBUF_BUFG             | u_Img_Processor/u_count_study/count2_up_reg[16]_i_1_n_3                                | u_Img_Processor/u_count_study/count_now[15]_i_1_n_0              |                3 |              8 |
|  OV7725_XCLK_OBUF_BUFG             | u_Img_Processor/u_hu_martix/gest1                                                      | u_Img_Processor/u_hu_martix/nochange_martix[13]_i_1_n_0          |                2 |              8 |
|  OV7725_XCLK_OBUF_BUFG             | u_Img_Processor/u_hu_martix/gest5_up_reg[63]_i_1_n_0                                   | u_Img_Processor/u_hu_martix/nochange_martix[35]_i_1_n_0          |                1 |              8 |
|  OV7725_XCLK_OBUF_BUFG             | u_Img_Processor/u_hu_martix/gest5_up_reg[63]_i_1_n_0                                   | u_Img_Processor/u_hu_martix/nochange_martix[43]_i_1_n_0          |                1 |              8 |
|  OV7725_XCLK_OBUF_BUFG             | u_Img_Processor/u_hu_martix/gest5_up_reg[63]_i_1_n_0                                   | u_Img_Processor/u_hu_martix/nochange_martix[51]_i_1_n_0          |                2 |              8 |
|  OV7725_XCLK_OBUF_BUFG             | u_Img_Processor/u_hu_martix/gest5_up_reg[63]_i_1_n_0                                   | u_Img_Processor/u_hu_martix/nochange_martix[63]_i_1_n_0          |                1 |              8 |
|  OV7725_XCLK_OBUF_BUFG             | u_Img_Processor/u_count_study/count3_low_reg[16]_i_1_n_3                               | u_Img_Processor/u_count_study/count_now[15]_i_1_n_0              |                2 |              8 |
|  OV7725_XCLK_OBUF_BUFG             | u_Img_Processor/u_count_study/count4_up_reg[16]_i_1_n_3                                | u_Img_Processor/u_count_study/count_now[15]_i_1_n_0              |                1 |              8 |
|  OV7725_XCLK_OBUF_BUFG             | u_Img_Processor/u_count_study/count3_up_reg[16]_i_1_n_3                                | u_Img_Processor/u_count_study/count_now[15]_i_1_n_0              |                1 |              8 |
|  OV7725_XCLK_OBUF_BUFG             | u_Img_Processor/u_hu_martix/gest_kind                                                  | u_Img_Processor/u_hu_martix/nochange_martix[51]_i_1_n_0          |                1 |              8 |
|  OV7725_XCLK_OBUF_BUFG             | u_Img_Processor/u_count_study/count3_up_reg[16]_i_1_n_3                                | u_Img_Processor/u_count_study/rst_0                              |                1 |              8 |
|  OV7725_XCLK_OBUF_BUFG             | u_Img_Processor/u_count_study/count5_low_reg[16]_i_1_n_3                               | u_Img_Processor/u_count_study/rst_0                              |                2 |              8 |
|  OV7725_XCLK_OBUF_BUFG             | u_Img_Processor/u_count_study/count5_up_reg[16]_i_1_n_3                                | u_Img_Processor/u_count_study/count_now[15]_i_1_n_0              |                2 |              8 |
|  OV7725_XCLK_OBUF_BUFG             | u_Img_Processor/u_count_study/gest3_count[16]_i_1_n_0                                  | u_Img_Processor/u_count_study/count_now[15]_i_1_n_0              |                3 |              8 |
|  OV7725_XCLK_OBUF_BUFG             | u_Img_Processor/u_count_study/gest5_count[16]_i_1_n_0                                  | u_Img_Processor/u_count_study/count_now[15]_i_1_n_0              |                5 |              8 |
|  OV7725_XCLK_OBUF_BUFG             | u_Img_Processor/u_count_study/gest1_count[16]_i_1_n_0                                  | u_Img_Processor/u_count_study/count_now[15]_i_1_n_0              |                2 |              8 |
|  OV7725_XCLK_OBUF_BUFG             | u_Img_Processor/u_count_study/gest2_count[16]_i_1_n_0                                  | u_Img_Processor/u_count_study/count_now[15]_i_1_n_0              |                3 |              8 |
|  OV7725_XCLK_OBUF_BUFG             | u_Img_Processor/u_count_study/gest4_count[16]_i_1_n_0                                  | u_Img_Processor/u_count_study/count_now[15]_i_1_n_0              |                2 |              8 |
|  OV7725_XCLK_OBUF_BUFG             | u_Img_Processor/u_dilation2/u_Shift_RAM_3x3_1bit/p_0_in[1]                             | u_Img_Processor/u_dilation/u_Shift_RAM_3x3_1bit/rst              |                1 |              8 |
|  OV7725_XCLK_OBUF_BUFG             | u_Img_Processor/u_dilation/u_Shift_RAM_3x3_1bit/p_0_in[1]                              | u_Img_Processor/u_dilation/u_Shift_RAM_3x3_1bit/rst              |                2 |              8 |
|  OV7725_XCLK_OBUF_BUFG             | u_Img_Processor/u_fuse/cb_high[7]_i_1_n_0                                              | u_Img_Processor/u_RGB_YCBCR/rst                                  |                3 |              8 |
|  OV7725_XCLK_OBUF_BUFG             | u_Img_Processor/u_hu_martix/u1_div_gen_32bit/U0/i_synth/i_nd_to_rdy/m_axis_dout_tvalid | u_Img_Processor/u_hu_martix/nochange_martix[13]_i_1_n_0          |                3 |              8 |
|  OV7725_XCLK_OBUF_BUFG             | u_Img_Processor/u_hu_martix/u1_div_gen_32bit/U0/i_synth/i_nd_to_rdy/m_axis_dout_tvalid | u_Img_Processor/u_hu_martix/nochange_martix[21]_i_1_n_0          |                2 |              8 |
|  OV7725_XCLK_OBUF_BUFG             | u_Img_Processor/u_fuse/cb_low[7]_i_1_n_0                                               | u_Img_Processor/u_RGB_YCBCR/rst                                  |                3 |              8 |
|  OV7725_XCLK_OBUF_BUFG             | u_Img_Processor/u_hu_martix/u1_div_gen_32bit/U0/i_synth/i_nd_to_rdy/m_axis_dout_tvalid | u_Img_Processor/u_hu_martix/nochange_martix[43]_i_1_n_0          |                7 |              8 |
|  OV7725_XCLK_OBUF_BUFG             | u_Img_Processor/u_hu_martix/u1_div_gen_32bit/U0/i_synth/i_nd_to_rdy/m_axis_dout_tvalid | u_Img_Processor/u_hu_martix/nochange_martix[51]_i_1_n_0          |                6 |              8 |
|  OV7725_XCLK_OBUF_BUFG             | u_Img_Processor/u_hu_martix/u1_div_gen_32bit/U0/i_synth/i_nd_to_rdy/m_axis_dout_tvalid | u_Img_Processor/u_hu_martix/nochange_martix[63]_i_1_n_0          |                5 |              8 |
|  OV7725_XCLK_OBUF_BUFG             | u_Img_Processor/u_hu_martix/u1_div_gen_32bit/U0/i_synth/i_nd_to_rdy/m_axis_dout_tvalid | u_Img_Processor/u_hu_martix/rst_0                                |                4 |              8 |
|  OV7725_XCLK_OBUF_BUFG             | u_Img_Processor/u_fuse/cr_high[7]_i_1_n_0                                              | u_Img_Processor/u_RGB_YCBCR/rst                                  |                3 |              8 |
|  OV7725_XCLK_OBUF_BUFG             | u_Img_Processor/u_hu_martix/gest_kind                                                  | u_Img_Processor/u_hu_martix/nochange_martix[43]_i_1_n_0          |                3 |              9 |
|  OV7725_XCLK_OBUF_BUFG             |                                                                                        | u_Img_Processor/u_hu_martix/rst_0                                |                5 |             10 |
|  OV7725_XCLK_OBUF_BUFG             |                                                                                        | hcount[9]_i_1_n_0                                                |                5 |             10 |
|  OV7725_XCLK_OBUF_BUFG             | hcount_ov                                                                              | vcount[9]_i_1_n_0                                                |                3 |             10 |
|  OV7725_PCLK_IBUF_BUFG             |                                                                                        | u_ov7725/design_1_cam_ov7670_ov7725_0_0/inst/address[15]_i_1_n_0 |                3 |             13 |
|  u_Img_Processor/dx_reg[6]_i_2_n_0 |                                                                                        |                                                                  |                7 |             14 |
|  OV7725_XCLK_OBUF_BUFG             | u_Img_Processor/u_dilation2/Q[0]                                                       | u_Img_Processor/u_count_study/rst_0                              |                9 |             16 |
|  OV7725_PCLK_IBUF_BUFG             | u_ov7725/design_1_cam_ov7670_ov7725_0_0/inst/dout[15]_i_1_n_0                          |                                                                  |                2 |             16 |
|  OV7725_XCLK_OBUF_BUFG             | u_ov7725/design_1_IICctrl_0_0/inst/LUT_INDEX_rep[7]_i_1_n_0                            | u_Img_Processor/u_hu_martix/rst_3                                |                5 |             16 |
|  OV7725_XCLK_OBUF_BUFG             | u_Img_Processor/Sobel_Edge_Detect_inst/u_Shift_RAM_3X3/read_clken                      | u_Img_Processor/u_count_study/rst_0                              |                6 |             16 |
|  OV7725_PCLK_IBUF_BUFG             | u_ov7725/design_1_cam_ov7670_ov7725_0_0/inst/p_0_in1_in                                | OV7725_VSYNC_IBUF                                                |                5 |             17 |
|  OV7725_XCLK_OBUF_BUFG             | u_Img_Processor/u_count_study/count0                                                   | u_Img_Processor/u_count_study/rst                                |                4 |             17 |
|  OV7725_XCLK_OBUF_BUFG             | u_Img_Processor/u_dilation2/post_img_Bit4_reg_0                                        | u_Img_Processor/u_count_study/rst                                |                5 |             17 |
|  OV7725_XCLK_OBUF_BUFG             | vga_rom_addr02_out                                                                     | vga_rom_addr[0]_i_1_n_0                                          |                5 |             17 |
|  OV7725_PCLK_IBUF_BUFG             | u_ov7725/design_1_cam_ov7670_ov7725_0_0/inst/d_latch[15]_i_1_n_0                       |                                                                  |                5 |             17 |
|  OV7725_XCLK_OBUF_BUFG             | u_Img_Processor/u_count_study/shuma[16]_i_1_n_0                                        |                                                                  |                6 |             17 |
|  OV7725_XCLK_OBUF_BUFG             |                                                                                        | u_Img_Processor/u_hu_martix/en_xd_i_2_n_0                        |                4 |             19 |
|  OV7725_XCLK_OBUF_BUFG             | u_Img_Processor/Sobel_Edge_Detect_inst/m_10                                            | u_Img_Processor/Sobel_Edge_Detect_inst/u_Shift_RAM_3X3/rst       |                4 |             23 |
|  OV7725_XCLK_OBUF_BUFG             | u_Img_Processor/Sobel_Edge_Detect_inst/m_10                                            | u_Img_Processor/u_hu_martix/rst_2                                |                6 |             24 |
|  OV7725_XCLK_OBUF_BUFG             | u_Img_Processor/u_dynamic_gest_judge/count_5_flag                                      | u_Img_Processor/u_dynamic_gest_judge/rst                         |                8 |             24 |
|  OV7725_XCLK_OBUF_BUFG             | u_Img_Processor/Sobel_Edge_Detect_inst/m_10                                            | u_Img_Processor/u_hu_martix/m_10[23]_i_3_n_0                     |                5 |             25 |
|  OV7725_XCLK_OBUF_BUFG             |                                                                                        | u_Img_Processor/u_dynamic_gest_judge/rst                         |                7 |             27 |
|  OV7725_XCLK_OBUF_BUFG             |                                                                                        | u_Img_Processor/u_hu_martix/rst_1                                |                8 |             27 |
|  OV7725_XCLK_OBUF_BUFG             | u_Img_Processor/u_dilation/Q[0]                                                        |                                                                  |                7 |             28 |
|  OV7725_XCLK_OBUF_BUFG             | u_Img_Processor/u_fuse/post_clken                                                      |                                                                  |                7 |             28 |
|  OV7725_XCLK_OBUF_BUFG             | u_Img_Processor/Erosion_inst/Q[0]                                                      |                                                                  |                7 |             28 |
|  OV7725_XCLK_OBUF_BUFG             | u_Img_Processor/Erosion_inst2/Q[0]                                                     |                                                                  |                8 |             28 |
|  OV7725_XCLK_OBUF_BUFG             | u_Img_Processor/Sobel_Edge_Detect_inst/u_Shift_RAM_3X3/read_clken                      | u_Img_Processor/Sobel_Edge_Detect_inst/u_Shift_RAM_3X3/rst       |                7 |             34 |
|  OV7725_XCLK_OBUF_BUFG             |                                                                                        | u_Img_Processor/u_dilation/u_Shift_RAM_3x3_1bit/rst              |               14 |             36 |
|  OV7725_XCLK_OBUF_BUFG             |                                                                                        | u_Img_Processor/u_count_study/rst                                |               14 |             47 |
|  OV7725_XCLK_OBUF_BUFG             |                                                                                        | u_Img_Processor/u_hu_martix/rst                                  |               15 |             57 |
|  OV7725_XCLK_OBUF_BUFG             |                                                                                        | u_Img_Processor/Sobel_Edge_Detect_inst/u_Shift_RAM_3X3/rst       |               17 |             66 |
|  OV7725_XCLK_OBUF_BUFG             | u_Img_Processor/Sobel_Edge_Detect_inst/Q[0]                                            | u_Img_Processor/u_hu_martix/rst                                  |               14 |             66 |
|  OV7725_XCLK_OBUF_BUFG             |                                                                                        | u_Img_Processor/u_hu_martix/rst_3                                |               21 |             74 |
|  OV7725_XCLK_OBUF_BUFG             | u_Img_Processor/u_hu_martix/u_20_decimal                                               | u_Img_Processor/u_hu_martix/rst_2                                |               24 |             94 |
|  OV7725_XCLK_OBUF_BUFG             | u_Img_Processor/u_hu_martix/u_20_decimal                                               | u_Img_Processor/u_hu_martix/m_10[23]_i_3_n_0                     |               24 |             98 |
|  OV7725_XCLK_OBUF_BUFG             |                                                                                        | u_Img_Processor/u_RGB_YCBCR/rst                                  |               35 |            136 |
|  OV7725_XCLK_OBUF_BUFG             | u_Img_Processor/u_dilation2/Q[0]                                                       |                                                                  |               53 |            208 |
|  OV7725_XCLK_OBUF_BUFG             |                                                                                        |                                                                  |             2277 |          14368 |
+------------------------------------+----------------------------------------------------------------------------------------+------------------------------------------------------------------+------------------+----------------+


